2013-05-28T10:53:55-04:00 INFO (6): 
2013-05-28T10:53:55-04:00 INFO (6): 
2013-05-28T10:53:55-04:00 INFO (6): 
2013-05-28T10:53:55-04:00 INFO (6): <dt id="name-label"><label for="name" class="optional">Name:</label></dt>
<dd id="name-element">
<input type="text" name="name" id="name" value="" /></dd>
2013-05-28T10:53:55-04:00 INFO (6): 
2013-05-28T10:53:55-04:00 INFO (6): 
2013-05-28T10:54:23-04:00 INFO (6): 7
2013-05-28T10:54:23-04:00 INFO (6): mgkimsal
2013-05-28T10:54:23-04:00 INFO (6): facebook
2013-05-28T10:54:23-04:00 INFO (6): 
2013-05-28T10:54:23-04:00 INFO (6): 05/27/2013
2013-05-28T10:54:23-04:00 INFO (6): 1369710679
2013-05-28T10:54:47-04:00 INFO (6): name
2013-05-28T10:54:47-04:00 INFO (6): 
2013-05-28T10:55:04-04:00 INFO (6): name
2013-05-28T10:55:04-04:00 INFO (6): 
2013-05-28T10:55:24-04:00 INFO (6): name
2013-05-28T10:55:24-04:00 INFO (6): 
2013-05-28T10:55:27-04:00 INFO (6): name
2013-05-28T10:55:27-04:00 INFO (6): 
2013-05-28T10:55:51-04:00 INFO (6): name
2013-05-28T10:55:51-04:00 INFO (6): 
2013-05-28T10:56:49-04:00 INFO (6): name
2013-05-28T10:56:49-04:00 INFO (6): 
2013-05-28T10:57:13-04:00 INFO (6): name
2013-05-28T10:57:13-04:00 INFO (6): 
2013-05-28T11:04:59-04:00 INFO (6): name
2013-05-28T11:04:59-04:00 INFO (6): 
2013-05-28T11:06:16-04:00 INFO (6): name
2013-05-28T11:06:16-04:00 INFO (6): 
2013-05-28T11:08:08-04:00 INFO (6): password
2013-05-28T11:08:08-04:00 INFO (6): 
2013-05-28T11:08:08-04:00 INFO (6): name
2013-05-28T11:08:08-04:00 INFO (6): 
2013-05-28T11:08:08-04:00 INFO (6): email
2013-05-28T11:08:08-04:00 INFO (6): 
2013-05-28T11:08:39-04:00 INFO (6): password
2013-05-28T11:08:39-04:00 INFO (6): db9d94a2f9d45102c4c9b09dbd13ad3d116ae0b4
2013-05-28T11:08:39-04:00 INFO (6): name
2013-05-28T11:08:39-04:00 INFO (6): mike
2013-05-28T11:08:39-04:00 INFO (6): email
2013-05-28T11:08:39-04:00 INFO (6): mgkimsal+3@gmail.com
